   ▲ Next.js 15.5.19
   - Local:        http://127.0.0.1:3024
   - Network:      http://127.0.0.1:3024
   - Environments: .env.local

 ✓ Starting...
 ✓ Ready in 3s
 ○ Compiling / ...
 ✓ Compiled / in 1381ms (635 modules)
 GET / 200 in 2162ms
 GET / 200 in 560ms
 GET / 200 in 291ms
 ○ Compiling /api/draft-rooms/[draftRoomId]/state ...
 ✓ Compiled /api/draft-rooms/[draftRoomId]/state in 1438ms (744 modules)
 GET /api/draft-rooms/c82aef89-ce90-40f0-936f-545656045554/state 200 in 4519ms
 ○ Compiling /drafts/[draftRoomId] ...
 ✓ Compiled /drafts/[draftRoomId] in 4.7s (810 modules)
 GET / 200 in 119ms
 GET /drafts/c82aef89-ce90-40f0-936f-545656045554 200 in 6400ms
 ○ Compiling /api/draft-rooms/[draftRoomId]/pre-draft-strategy ...
 ✓ Compiled /api/draft-rooms/[draftRoomId]/pre-draft-strategy in 997ms (816 modules)
 GET /drafts/c82aef89-ce90-40f0-936f-545656045554 200 in 459ms
 GET /api/draft-rooms/c82aef89-ce90-40f0-936f-545656045554/state 200 in 2975ms
 GET /api/draft-rooms/c82aef89-ce90-40f0-936f-545656045554/pre-draft-strategy 200 in 4345ms
 GET /api/draft-rooms/c82aef89-ce90-40f0-936f-545656045554/state 200 in 1516ms
 GET /api/draft-rooms/c82aef89-ce90-40f0-936f-545656045554/state 200 in 1380ms
